<?xml version="1.0" encoding="UTF-8"?>
<!-- Generated by org.testng.reporters.JUnitReportReporter -->
<testsuite hostname="DESKTOP-CRROM10" failures="0" tests="1" name="Delete_Tests.Delete_Image" time="8.982" errors="0" timestamp="2021-10-19T11:52:18 EET" skipped="0">
  <testcase classname="Delete_Tests.Delete_Image" name="User_Delete_Photo_Message" time="8.982"/>
  <system-out/>
</testsuite> <!-- Delete_Tests.Delete_Image -->
