<?xml version="1.0" encoding="UTF-8"?>
<!-- Generated by org.testng.reporters.JUnitReportReporter -->
<testsuite hostname="DESKTOP-CRROM10" failures="0" tests="1" name="Receive_photo_Tests.Receive_Single_Photo" time="1.658" errors="0" timestamp="2021-10-19T11:52:18 EET" skipped="0">
  <testcase classname="Receive_photo_Tests.Receive_Single_Photo" name="receivePhoto" time="1.658"/>
  <system-out/>
</testsuite> <!-- Receive_photo_Tests.Receive_Single_Photo -->
