<?xml version="1.0" encoding="UTF-8"?>
<!-- Generated by org.testng.reporters.JUnitReportReporter -->
<testsuite hostname="DESKTOP-CRROM10" failures="0" tests="1" name="Receive_Audio_Test.Playback_Audio_received" time="4.519" errors="0" timestamp="2021-10-19T11:52:18 EET" skipped="0">
  <testcase classname="Receive_Audio_Test.Playback_Audio_received" name="playAudio" time="4.519"/>
  <system-out/>
</testsuite> <!-- Receive_Audio_Test.Playback_Audio_received -->
