<?xml version="1.0" encoding="UTF-8"?>
<!-- Generated by org.testng.reporters.JUnitReportReporter -->
<testsuite hostname="DESKTOP-CRROM10" failures="0" tests="6" name="Sign_In_Tests.Sign_In_Nagwa_Chat_Educator" time="85.070" errors="0" timestamp="2021-10-19T11:52:18 EET" skipped="0">
  <testcase classname="Sign_In_Tests.Sign_In_Nagwa_Chat_Educator" name="enter_Valid_Password" time="10.061"/>
  <system-out/>
  <testcase classname="Sign_In_Tests.Sign_In_Nagwa_Chat_Educator" name="enter_Valid_Password" time="13.271"/>
  <system-out/>
  <testcase classname="Sign_In_Tests.Sign_In_Nagwa_Chat_Educator" name="enter_Valid_Email" time="15.410"/>
  <system-out/>
  <testcase classname="Sign_In_Tests.Sign_In_Nagwa_Chat_Educator" name="enter_Valid_Email" time="15.432"/>
  <system-out/>
  <testcase classname="Sign_In_Tests.Sign_In_Nagwa_Chat_Educator" name="enter_Valid_Password" time="8.307"/>
  <system-out/>
  <testcase classname="Sign_In_Tests.Sign_In_Nagwa_Chat_Educator" name="enter_Valid_Email" time="22.589"/>
  <system-out/>
</testsuite> <!-- Sign_In_Tests.Sign_In_Nagwa_Chat_Educator -->
