<?xml version="1.0" encoding="UTF-8"?>
<!-- Generated by org.testng.reporters.JUnitReportReporter -->
<testsuite hostname="DESKTOP-CRROM10" failures="0" tests="4" name="Sign_Out_Tests.Sign_Out" time="45.323" errors="0" timestamp="2021-10-19T11:52:18 EET" skipped="0">
  <testcase classname="Sign_Out_Tests.Sign_Out" name="Sign_Out_Nagwa_Chat" time="12.372"/>
  <system-out/>
  <testcase classname="Sign_Out_Tests.Sign_Out" name="Sign_Out_Nagwa_Chat" time="10.804"/>
  <system-out/>
  <testcase classname="Sign_Out_Tests.Sign_Out" name="Sign_Out_Nagwa_Chat" time="11.040"/>
  <system-out/>
  <testcase classname="Sign_Out_Tests.Sign_Out" name="Sign_Out_Nagwa_Chat" time="11.107"/>
  <system-out/>
</testsuite> <!-- Sign_Out_Tests.Sign_Out -->
