<?xml version="1.0" encoding="UTF-8"?>
<!-- Generated by org.testng.reporters.JUnitReportReporter -->
<testsuite hostname="DESKTOP-CRROM10" failures="0" tests="2" name="Chat_List_Tests.Open_Chat_group" time="22.135" errors="0" timestamp="2021-10-19T11:52:18 EET" skipped="0">
  <testcase classname="Chat_List_Tests.Open_Chat_group" name="open_chat_group" time="11.140"/>
  <system-out/>
  <testcase classname="Chat_List_Tests.Open_Chat_group" name="open_chat_group" time="10.995"/>
  <system-out/>
</testsuite> <!-- Chat_List_Tests.Open_Chat_group -->
