<?xml version="1.0" encoding="UTF-8"?>
<!-- Generated by org.testng.reporters.JUnitReportReporter -->
<testsuite hostname="DESKTOP-CRROM10" failures="0" tests="1" name="Send_Audio_Tests.Cancel_Audio_Record_Test" time="13.655" errors="0" timestamp="2021-10-19T11:52:18 EET" skipped="0">
  <testcase classname="Send_Audio_Tests.Cancel_Audio_Record_Test" name="cancel_recording" time="13.655"/>
  <system-out/>
</testsuite> <!-- Send_Audio_Tests.Cancel_Audio_Record_Test -->
