<?xml version="1.0" encoding="UTF-8"?>
<!-- Generated by org.testng.reporters.JUnitReportReporter -->
<testsuite hostname="DESKTOP-CRROM10" failures="0" tests="1" name="Send_Audio_Tests.Send_Audio" time="21.325" errors="0" timestamp="2021-10-19T11:52:18 EET" skipped="0">
  <testcase classname="Send_Audio_Tests.Send_Audio" name="send_Audio" time="21.325"/>
  <system-out/>
</testsuite> <!-- Send_Audio_Tests.Send_Audio -->
