<?xml version="1.0" encoding="UTF-8"?>
<!-- Generated by org.testng.reporters.JUnitReportReporter -->
<testsuite hostname="DESKTOP-CRROM10" failures="0" tests="1" name="Receive_Messages_Tests.Receive_English_Text" time="2.283" errors="0" timestamp="2021-10-19T11:52:18 EET" skipped="0">
  <testcase classname="Receive_Messages_Tests.Receive_English_Text" name="receive_English_Text" time="2.283"/>
  <system-out/>
</testsuite> <!-- Receive_Messages_Tests.Receive_English_Text -->
