<?xml version="1.0" encoding="UTF-8"?>
<!-- Generated by org.testng.reporters.JUnitReportReporter -->
<testsuite hostname="DESKTOP-CRROM10" failures="0" tests="4" name="Sign_In_Tests.Sign_In_Nagwa_Chat_Student" time="52.223" errors="0" timestamp="2021-10-19T11:52:18 EET" skipped="0">
  <testcase classname="Sign_In_Tests.Sign_In_Nagwa_Chat_Student" name="enter_Valid_Password" time="9.405"/>
  <system-out/>
  <testcase classname="Sign_In_Tests.Sign_In_Nagwa_Chat_Student" name="enter_Valid_User_Name" time="16.694"/>
  <system-out/>
  <testcase classname="Sign_In_Tests.Sign_In_Nagwa_Chat_Student" name="enter_Valid_User_Name" time="17.283"/>
  <system-out/>
  <testcase classname="Sign_In_Tests.Sign_In_Nagwa_Chat_Student" name="enter_Valid_Password" time="8.841"/>
  <system-out/>
</testsuite> <!-- Sign_In_Tests.Sign_In_Nagwa_Chat_Student -->
