<?xml version="1.0" encoding="UTF-8"?>
<!-- Generated by org.testng.reporters.JUnitReportReporter -->
<testsuite hostname="DESKTOP-CRROM10" failures="0" tests="1" name="Send_Messages_Tests.Send_Numbers" time="12.388" errors="0" timestamp="2021-10-19T11:52:18 EET" skipped="0">
  <testcase classname="Send_Messages_Tests.Send_Numbers" name="send_numbers" time="12.388"/>
  <system-out/>
</testsuite> <!-- Send_Messages_Tests.Send_Numbers -->
