<?xml version="1.0" encoding="UTF-8"?>
<!-- Generated by org.testng.reporters.JUnitReportReporter -->
<testsuite hostname="DESKTOP-CRROM10" failures="0" tests="1" name="Send_Messages_Tests.Send_Arabic_Text" time="13.831" errors="0" timestamp="2021-10-19T11:52:18 EET" skipped="0">
  <testcase classname="Send_Messages_Tests.Send_Arabic_Text" name="send_Arabic_text" time="13.831"/>
  <system-out/>
</testsuite> <!-- Send_Messages_Tests.Send_Arabic_Text -->
