<?xml version="1.0" encoding="UTF-8"?>
<!-- Generated by org.testng.reporters.JUnitReportReporter -->
<testsuite hostname="DESKTOP-CRROM10" failures="0" tests="1" name="Send_Photo_Tests.View_Last_Photo" time="7.604" errors="0" timestamp="2021-10-19T11:52:18 EET" skipped="0">
  <testcase classname="Send_Photo_Tests.View_Last_Photo" name="ViewPhotoInPhotoGallery" time="7.604"/>
  <system-out/>
</testsuite> <!-- Send_Photo_Tests.View_Last_Photo -->
