<?xml version="1.0" encoding="UTF-8"?>
<!-- Generated by org.testng.reporters.JUnitReportReporter -->
<testsuite hostname="DESKTOP-CRROM10" failures="0" tests="4" name="Chat_Group_Tests.Open_Chat_group" time="53.630" errors="0" timestamp="2021-10-19T11:52:18 EET" skipped="0">
  <testcase classname="Chat_Group_Tests.Open_Chat_group" name="open_chat_group" time="15.455"/>
  <system-out/>
  <testcase classname="Chat_Group_Tests.Open_Chat_group" name="open_chat_group" time="11.482"/>
  <system-out/>
  <testcase classname="Chat_Group_Tests.Open_Chat_group" name="open_chat_group" time="15.352"/>
  <system-out/>
  <testcase classname="Chat_Group_Tests.Open_Chat_group" name="open_chat_group" time="11.341"/>
  <system-out/>
</testsuite> <!-- Chat_Group_Tests.Open_Chat_group -->
