<?xml version="1.0" encoding="UTF-8"?>
<!-- Generated by org.testng.reporters.JUnitReportReporter -->
<testsuite hostname="DESKTOP-CRROM10" failures="0" tests="2" name="Send_Messages_Tests.Send_English_Text" time="38.019" errors="0" timestamp="2021-10-19T11:52:18 EET" skipped="0">
  <testcase classname="Send_Messages_Tests.Send_English_Text" name="send_English_text" time="18.181"/>
  <system-out/>
  <testcase classname="Send_Messages_Tests.Send_English_Text" name="send_English_text" time="19.838"/>
  <system-out/>
</testsuite> <!-- Send_Messages_Tests.Send_English_Text -->
