<?xml version="1.0" encoding="UTF-8"?>
<!-- Generated by org.testng.reporters.JUnitReportReporter -->
<testsuite hostname="DESKTOP-CRROM10" failures="0" tests="2" name="Send_Messages_Tests.Send_Emojis" time="15.457" errors="0" timestamp="2021-10-19T11:52:18 EET" skipped="0">
  <testcase classname="Send_Messages_Tests.Send_Emojis" name="send_Emojis_text" time="13.085"/>
  <system-out/>
  <testcase classname="Send_Messages_Tests.Send_Emojis" name="chatList" time="2.372"/>
  <system-out/>
</testsuite> <!-- Send_Messages_Tests.Send_Emojis -->
