<?xml version="1.0" encoding="UTF-8"?>
<!-- Generated by org.testng.reporters.JUnitReportReporter -->
<testsuite hostname="DESKTOP-CRROM10" failures="0" tests="1" name="Delete_Tests.CheckDeleteText" time="3.519" errors="0" timestamp="2021-10-19T11:52:18 EET" skipped="0">
  <testcase classname="Delete_Tests.CheckDeleteText" name="check_Delete_messages" time="3.519"/>
  <system-out/>
</testsuite> <!-- Delete_Tests.CheckDeleteText -->
