<?xml version="1.0" encoding="UTF-8"?>
<!-- Generated by org.testng.reporters.JUnitReportReporter -->
<testsuite hostname="DESKTOP-CRROM10" failures="0" tests="1" name="Receive_Messages_Tests.Open_Chat_group" time="11.170" errors="0" timestamp="2021-10-19T11:52:18 EET" skipped="0">
  <testcase classname="Receive_Messages_Tests.Open_Chat_group" name="open_chat_group" time="11.170"/>
  <system-out/>
</testsuite> <!-- Receive_Messages_Tests.Open_Chat_group -->
